==12979== Memcheck, a memory error detector
==12979== Copyright (C) 2002-2017, and GNU GPL'd, by Julian Seward et al.
==12979== Using Valgrind-3.13.0 and LibVEX; rerun with -h for copyright info
==12979== Command: ./app/shell-app
==12979== Parent PID: 7941
==12979== 
==12979== Conditional jump or move depends on uninitialised value(s)
==12979==    at 0x109D68: main (main.cpp:9)
==12979== 
==12979== 
==12979== HEAP SUMMARY:
==12979==     in use at exit: 44 bytes in 2 blocks
==12979==   total heap usage: 4 allocs, 2 frees, 73,772 bytes allocated
==12979== 
==12979== LEAK SUMMARY:
==12979==    definitely lost: 24 bytes in 1 blocks
==12979==    indirectly lost: 20 bytes in 1 blocks
==12979==      possibly lost: 0 bytes in 0 blocks
==12979==    still reachable: 0 bytes in 0 blocks
==12979==         suppressed: 0 bytes in 0 blocks
==12979== Rerun with --leak-check=full to see details of leaked memory
==12979== 
==12979== For counts of detected and suppressed errors, rerun with: -v
==12979== Use --track-origins=yes to see where uninitialised values come from
==12979== ERROR SUMMARY: 1 errors from 1 contexts (suppressed: 0 from 0)
